SmartPlugUDPAPP/proguard-project.txt
# To enable ProGuard in your project, edit project.properties
# to define the proguard.config property as described in that file.
#
# Add project specific ProGuard rules here.
# By default, the flags in this file are appended to flags specified
# in ${sdk.dir}/tools/proguard/proguard-android.txt
# You can edit the include path and order by changing the ProGuard
# include property in project.properties.
#
# For more details, see
#   http://developer.android.com/guide/developing/tools/proguard.html

# Add any project specific keep options here:

# If your project uses WebView with JS, uncomment the following
# and specify the fully qualified class name to the JavaScript interface
# class:
-keepclassmembers class fqcn.of.javascript.interface.for.webview {
   public *;
}

-libraryjars libs/baidumapapi_v3_2_0.jar
-libraryjars libs/additionnal.jar
-libraryjars libs/mail.jar
-libraryjars libs/activation.jar
-libraryjars libs/android-support-v4.jar

-dontwarn com.baidu.mapapi.**
-dontwarn com.baidu.platform.**
-dontwarn com.baidu.location.**
-dontwarn com.baidu.vi.**
-dontwarn vi.com.gdi.bgl.android.**
-dontwarn javax.activation.**
-dontwarn org.apache.harmony.**
-dontwarn com.sun.mail.imap.protocol.**

-keep class com.baidu.mapapi.** {*; }
-keep class com.baidu.platform.** {*; }
-keep class com.baidu.location.** {*; }
-keep class com.baidu.vi.** {*; }
-keep class vi.com.gdi.bgl.android.** {*; }
-keep class org.apache.harmony.** {*; }
-keep class com.sun.mail.imap.protocol.** {*; }