SmartPlugUDPAPP/proguard/mapping.txt
com.baidu.platform.comapi.map.v -> com.baidu.platform.comapi.map.v:
    java.lang.String a -> a
    com.baidu.platform.comapi.map.u b -> b
    void a(com.baidu.platform.comapi.map.u) -> a
    void b(com.baidu.platform.comapi.map.u) -> b
    void a(android.os.Message) -> a
com.baidu.platform.comapi.map.w -> com.baidu.platform.comapi.map.w:
com.baidu.platform.comapi.map.x -> com.baidu.platform.comapi.map.x:
    com.baidu.platform.comapi.map.x a -> a
    com.baidu.platform.comapi.map.x b -> b
    com.baidu.platform.comapi.map.x c -> c
    int d -> d
    com.baidu.platform.comapi.map.x[] e -> e
    com.baidu.platform.comapi.map.x[] values() -> values
    com.baidu.platform.comapi.map.x valueOf(java.lang.String) -> valueOf
com.baidu.platform.comapi.map.y -> com.baidu.platform.comapi.map.y:
    com.baidu.platform.comapi.map.z a -> a
    boolean b -> b
    int c -> c
    boolean d -> d
    boolean e -> e
    boolean f -> f
    boolean g -> g
    com.baidu.platform.comapi.map.y a(com.baidu.platform.comapi.map.z) -> a
    com.baidu.platform.comapi.map.y a(boolean) -> a
    com.baidu.platform.comapi.map.y a(int) -> a
    com.baidu.platform.comapi.map.y b(boolean) -> b
    com.baidu.platform.comapi.map.y c(boolean) -> c
    com.baidu.platform.comapi.map.y d(boolean) -> d
    com.baidu.platform.comapi.map.y e(boolean) -> e
com.baidu.platform.comapi.map.z -> com.baidu.platform.comapi.map.z:
    java.lang.String t -> t
    float a -> a
    int b -> b
    int c -> c
    int d -> d
    int e -> e
    int f -> f
    int g -> g
    long h -> h
    long i -> i
    com.baidu.platform.comapi.map.z$b j -> j
    com.baidu.platform.comapi.map.z$a k -> k
    boolean l -> l
    double m -> m
    double n -> n
    int o -> o
    java.lang.String p -> p
    float q -> q
    boolean r -> r
    int s -> s
    void a(android.os.Bundle) -> a
    android.os.Bundle a(com.baidu.platform.comapi.map.f) -> a
com.baidu.platform.comapi.map.z$a -> com.baidu.platform.comapi.map.z$a:
    long a -> a
    long b -> b
    long c -> c
    long d -> d
    com.baidu.platform.comapi.a.d e -> e
    com.baidu.platform.comapi.a.d f -> f
    com.baidu.platform.comapi.a.d g -> g
    com.baidu.platform.comapi.a.d h -> h
    com.baidu.platform.comapi.map.z i -> i
com.baidu.platform.comapi.map.z$b -> com.baidu.platform.comapi.map.z$b:
    int a -> a
    int b -> b
    int c -> c
    int d -> d
    com.baidu.platform.comapi.map.z e -> e
com.baidu.platform.comjni.base.networkdetect.JNINetworkDetect -> com.baidu.platform.comjni.base.networkdetect.JNINetworkDetect:
    int Create() -> Create
com.baidu.platform.comjni.base.networkdetect.a -> com.baidu.platform.comjni.base.networkdetect.a:
    int a -> a
    com.baidu.platform.comjni.base.networkdetect.JNINetworkDetect b -> b
    int a() -> a
com.baidu.platform.comjni.engine.AppEngine -> com.baidu.platform.comjni.engine.AppEngine:
    void despatchMessage(int,int,int,int) -> despatchMessage
    void InitClass() -> InitClass
    boolean InitEngine(android.content.Context,android.os.Bundle) -> InitEngine
    boolean UnInitEngine() -> UnInitEngine
    void SetProxyInfo(java.lang.String,int) -> SetProxyInfo
    boolean StartSocketProc() -> StartSocketProc
com.baidu.platform.comjni.engine.JNIEngine -> com.baidu.platform.comjni.engine.JNIEngine:
    int initClass(java.lang.Object,int) -> initClass
    boolean InitEngine(android.content.Context,android.os.Bundle) -> InitEngine
    boolean UnInitEngine() -> UnInitEngine
    void SetProxyInfo(java.lang.String,int) -> SetProxyInfo
    boolean StartSocketProc() -> StartSocketProc
com.baidu.platform.comjni.engine.a -> com.baidu.platform.comjni.engine.a:
    java.lang.String a -> a
    android.util.SparseArray b -> b
    void a(int,android.os.Handler) -> a
    void b(int,android.os.Handler) -> b
    void a(int,int,int,int) -> a
    void a() -> a